<?xml version="1.0" encoding="UTF-8"?>
<!-- Generated by org.testng.reporters.JUnitReportReporter -->
<testsuite name="parker.homepage.NewTest" tests="1" time="4.114" ignored="0" failures="0" timestamp="03 Jun 2018 15:34:29 GMT" skipped="0" hostname="HOME-PC" errors="0">
  <testcase name="f" time="4.114" classname="parker.homepage.NewTest"/>
</testsuite> <!-- parker.homepage.NewTest -->
