<?xml version="1.0" encoding="UTF-8"?>
<!-- Generated by org.testng.reporters.JUnitReportReporter -->
<testsuite name="parker.wheretobuy.WhereToBuyPageTest" tests="3" time="99.943" ignored="0" failures="0" timestamp="10 Jun 2018 15:47:18 GMT" skipped="0" hostname="HOME-PC" errors="0">
  <testcase name="whereToBuyLabelDispTest" time="33.433" classname="parker.wheretobuy.WhereToBuyPageTest"/>
  <testcase name="selectProductCategoryLabelDispTest" time="31.498" classname="parker.wheretobuy.WhereToBuyPageTest"/>
  <testcase name="selectCountryFromListTest" time="35.012" classname="parker.wheretobuy.WhereToBuyPageTest"/>
</testsuite> <!-- parker.wheretobuy.WhereToBuyPageTest -->
